{
  "stats": {
    "suites": 12,
    "tests": 41,
    "passes": 21,
    "pending": 0,
    "failures": 20,
    "start": "2022-07-06T03:14:56.564Z",
    "end": "2022-07-06T03:16:54.966Z",
    "duration": 118402,
    "testsRegistered": 41,
    "passPercent": 51.21951219512195,
    "pendingPercent": 0,
    "other": 0,
    "hasOther": false,
    "skipped": 0,
    "hasSkipped": false
  },
  "results": [
    {
      "uuid": "14024c97-568c-42d4-947d-677fe8d833c1",
      "title": "",
      "fullFile": "cypress/integration/project.spec.js",
      "file": "cypress/integration/project.spec.js",
      "beforeHooks": [],
      "afterHooks": [],
      "tests": [],
      "suites": [
        {
          "uuid": "539fc47b-7d15-4b8c-8ab6-54ee0d6ff44b",
          "title": "1 - Adicione à página o título \"Paleta de Cores\".",
          "fullFile": "",
          "file": "",
          "beforeHooks": [],
          "afterHooks": [],
          "tests": [
            {
              "title": "Verifica se contém um elemento `h1` com o id `title` com o título correto",
              "fullTitle": "1 - Adicione à página o título \"Paleta de Cores\". Verifica se contém um elemento `h1` com o id `title` com o título correto",
              "timedOut": null,
              "duration": 804,
              "state": "passed",
              "speed": "slow",
              "pass": true,
              "fail": false,
              "pending": false,
              "context": null,
              "code": "cy.get('h1#title').should('contain.text', 'Paleta de Cores');",
              "err": {},
              "uuid": "053fe3f5-ddc4-4717-a685-646b1923eaf5",
              "parentUUID": "539fc47b-7d15-4b8c-8ab6-54ee0d6ff44b",
              "isHook": false,
              "skipped": false
            }
          ],
          "suites": [],
          "passes": [
            "053fe3f5-ddc4-4717-a685-646b1923eaf5"
          ],
          "failures": [],
          "pending": [],
          "skipped": [],
          "duration": 804,
          "root": false,
          "rootEmpty": false,
          "_timeout": 2000
        },
        {
          "uuid": "88ffdad0-e140-4fd1-898d-14e25182c918",
          "title": "2 - Adicione à página uma paleta de quatro cores distintas.",
          "fullFile": "",
          "file": "",
          "beforeHooks": [],
          "afterHooks": [],
          "tests": [
            {
              "title": "A paleta de cores deve ser um elemento com `id` denominado `color-palette` e ter mais de 0px de altura e de largura.",
              "fullTitle": "2 - Adicione à página uma paleta de quatro cores distintas. A paleta de cores deve ser um elemento com `id` denominado `color-palette` e ter mais de 0px de altura e de largura.",
              "timedOut": null,
              "duration": 596,
              "state": "passed",
              "speed": "slow",
              "pass": true,
              "fail": false,
              "pending": false,
              "context": null,
              "code": "cy.get('#color-palette').should('be.visible');\ncy.get('#color-palette').children('.color');",
              "err": {},
              "uuid": "428fc0a4-e6e9-4ccc-a6ef-59aaf038d961",
              "parentUUID": "88ffdad0-e140-4fd1-898d-14e25182c918",
              "isHook": false,
              "skipped": false
            },
            {
              "title": "Verifica se cada cor individual da paleta de cores possui a `classe` chamada `color`.",
              "fullTitle": "2 - Adicione à página uma paleta de quatro cores distintas. Verifica se cada cor individual da paleta de cores possui a `classe` chamada `color`.",
              "timedOut": null,
              "duration": 637,
              "state": "passed",
              "speed": "slow",
              "pass": true,
              "fail": false,
              "pending": false,
              "context": null,
              "code": "cy.get('.color').should('have.length', 4).then(function (colors) {\n  for (var i = 0; i < colors.length; i++) {\n    cy.wrap(colors[i]).should('be.visible');\n  }\n});",
              "err": {},
              "uuid": "f987956d-cd68-4c79-9b58-d9d31a4016ee",
              "parentUUID": "88ffdad0-e140-4fd1-898d-14e25182c918",
              "isHook": false,
              "skipped": false
            },
            {
              "title": "Verifica se a cor de fundo de cada elemento da paleta é a cor que o elemento representa. **A única cor não permitida na paleta é a cor branca.**",
              "fullTitle": "2 - Adicione à página uma paleta de quatro cores distintas. Verifica se a cor de fundo de cada elemento da paleta é a cor que o elemento representa. **A única cor não permitida na paleta é a cor branca.**",
              "timedOut": null,
              "duration": 418,
              "state": "passed",
              "speed": "slow",
              "pass": true,
              "fail": false,
              "pending": false,
              "context": null,
              "code": "cy.get('.color').each(function (color) {\n  cy.wrap(color).should('have.class', 'color').and('not.have.css', 'background-color', WHITE);\n  cy.wrap(color).should('have.css', 'background-color');\n});",
              "err": {},
              "uuid": "d1d4da23-96f9-42dd-8b31-235baedc10b5",
              "parentUUID": "88ffdad0-e140-4fd1-898d-14e25182c918",
              "isHook": false,
              "skipped": false
            },
            {
              "title": "Verifica se cada elemento da paleta de cores tem uma borda preta, sólida e com 1 pixel de largura;",
              "fullTitle": "2 - Adicione à página uma paleta de quatro cores distintas. Verifica se cada elemento da paleta de cores tem uma borda preta, sólida e com 1 pixel de largura;",
              "timedOut": null,
              "duration": 378,
              "state": "passed",
              "speed": "slow",
              "pass": true,
              "fail": false,
              "pending": false,
              "context": null,
              "code": "cy.get('.color').each(function (color) {\n  cy.wrap(color).and('have.css', 'border', \"1px solid \".concat(BLACK)).and('have.class', 'color');\n});",
              "err": {},
              "uuid": "f54386f9-f2fb-4b91-8db1-69f9e7e75940",
              "parentUUID": "88ffdad0-e140-4fd1-898d-14e25182c918",
              "isHook": false,
              "skipped": false
            },
            {
              "title": "Verifica se a paleta lista todas as cores disponíveis para utilização, lado a lado.",
              "fullTitle": "2 - Adicione à página uma paleta de quatro cores distintas. Verifica se a paleta lista todas as cores disponíveis para utilização, lado a lado.",
              "timedOut": null,
              "duration": 308,
              "state": "passed",
              "speed": "slow",
              "pass": true,
              "fail": false,
              "pending": false,
              "context": null,
              "code": "cy.get('.color').then(function (colors) {\n  for (var index = 1; index < colors.length; index += 1) {\n    var currentColor = colors[index];\n    var previousColor = colors[index - 1];\n    cy.wrap(currentColor).should('be.onTheRightOf', previousColor).and('be.horizontallyAlignedWith', previousColor);\n  }\n});",
              "err": {},
              "uuid": "53b37691-ef01-498c-92c1-ad844c99064d",
              "parentUUID": "88ffdad0-e140-4fd1-898d-14e25182c918",
              "isHook": false,
              "skipped": false
            },
            {
              "title": "Verifica se a paleta de cores está posicionada abaixo do título 'Paleta de Cores'",
              "fullTitle": "2 - Adicione à página uma paleta de quatro cores distintas. Verifica se a paleta de cores está posicionada abaixo do título 'Paleta de Cores'",
              "timedOut": null,
              "duration": 291,
              "state": "passed",
              "speed": "slow",
              "pass": true,
              "fail": false,
              "pending": false,
              "context": null,
              "code": "cy.get('h1#title').then(function (title) {\n  cy.get('#color-palette').should('be.belowOf', title);\n});",
              "err": {},
              "uuid": "559f4840-bf71-4269-84d3-21b60f7ad7b7",
              "parentUUID": "88ffdad0-e140-4fd1-898d-14e25182c918",
              "isHook": false,
              "skipped": false
            },
            {
              "title": "Verifica se a paleta de cores não contém cores repetidas.",
              "fullTitle": "2 - Adicione à página uma paleta de quatro cores distintas. Verifica se a paleta de cores não contém cores repetidas.",
              "timedOut": null,
              "duration": 348,
              "state": "passed",
              "speed": "slow",
              "pass": true,
              "fail": false,
              "pending": false,
              "context": null,
              "code": "cy.get('.color').then(function (colors) {\n  var allColors = Array.from(colors).map(function (color) {\n    return Cypress.$(color).css('background-color');\n  });\n  cy.log(allColors);\n  var uniqColors = (0, _toConsumableArray2[\"default\"])(new Set(allColors));\n  cy.log(uniqColors);\n  expect(allColors.length).to.eq(uniqColors.length);\n});",
              "err": {},
              "uuid": "a5712fcc-b4ec-458a-a537-6cdf669f6e00",
              "parentUUID": "88ffdad0-e140-4fd1-898d-14e25182c918",
              "isHook": false,
              "skipped": false
            }
          ],
          "suites": [],
          "passes": [
            "428fc0a4-e6e9-4ccc-a6ef-59aaf038d961",
            "f987956d-cd68-4c79-9b58-d9d31a4016ee",
            "d1d4da23-96f9-42dd-8b31-235baedc10b5",
            "f54386f9-f2fb-4b91-8db1-69f9e7e75940",
            "53b37691-ef01-498c-92c1-ad844c99064d",
            "559f4840-bf71-4269-84d3-21b60f7ad7b7",
            "a5712fcc-b4ec-458a-a537-6cdf669f6e00"
          ],
          "failures": [],
          "pending": [],
          "skipped": [],
          "duration": 2976,
          "root": false,
          "rootEmpty": false,
          "_timeout": 2000
        },
        {
          "uuid": "540715f9-1b85-46d5-bad3-8336518ba9bf",
          "title": "3 - Adicione a cor **preta** como a primeira cor da paleta de cores.",
          "fullFile": "",
          "file": "",
          "beforeHooks": [],
          "afterHooks": [],
          "tests": [
            {
              "title": "Verifica se a primeira cor da paleta é preta",
              "fullTitle": "3 - Adicione a cor **preta** como a primeira cor da paleta de cores. Verifica se a primeira cor da paleta é preta",
              "timedOut": null,
              "duration": 309,
              "state": "passed",
              "speed": "slow",
              "pass": true,
              "fail": false,
              "pending": false,
              "context": null,
              "code": "cy.get('.color').first().should('have.css', 'background-color', BLACK);",
              "err": {},
              "uuid": "7919b105-deef-4070-ad86-43ac239e0206",
              "parentUUID": "540715f9-1b85-46d5-bad3-8336518ba9bf",
              "isHook": false,
              "skipped": false
            },
            {
              "title": "Verifica se as demais cores podem ser escolhidas livremente.",
              "fullTitle": "3 - Adicione a cor **preta** como a primeira cor da paleta de cores. Verifica se as demais cores podem ser escolhidas livremente.",
              "timedOut": null,
              "duration": 578,
              "state": "passed",
              "speed": "slow",
              "pass": true,
              "fail": false,
              "pending": false,
              "context": null,
              "code": "cy.get('.color').eq(1).should('not.have.css', 'background-color', BLACK);\ncy.get('.color').eq(1).should('not.have.css', 'background-color', WHITE);\ncy.get('.color').eq(1).should('not.have.css', 'background-color', 'rgba(0, 0, 0, 0)');\ncy.get('.color').eq(1).should('have.css', 'background-color');\ncy.get('.color').eq(2).should('not.have.css', 'background-color', BLACK);\ncy.get('.color').eq(2).should('not.have.css', 'background-color', WHITE);\ncy.get('.color').eq(2).should('not.have.css', 'background-color', 'rgba(0, 0, 0, 0)');\ncy.get('.color').eq(2).should('have.css', 'background-color');\ncy.get('.color').eq(3).should('not.have.css', 'background-color', BLACK);\ncy.get('.color').eq(3).should('not.have.css', 'background-color', WHITE);\ncy.get('.color').eq(3).should('not.have.css', 'background-color', 'rgba(0, 0, 0, 0)');\ncy.get('.color').eq(3).should('have.css', 'background-color');",
              "err": {},
              "uuid": "c681ee80-71bb-48dd-8d48-c203ddf87ef4",
              "parentUUID": "540715f9-1b85-46d5-bad3-8336518ba9bf",
              "isHook": false,
              "skipped": false
            }
          ],
          "suites": [],
          "passes": [
            "7919b105-deef-4070-ad86-43ac239e0206",
            "c681ee80-71bb-48dd-8d48-c203ddf87ef4"
          ],
          "failures": [],
          "pending": [],
          "skipped": [],
          "duration": 887,
          "root": false,
          "rootEmpty": false,
          "_timeout": 2000
        },
        {
          "uuid": "8e9f4695-8f48-4716-89cd-44701905bbd9",
          "title": "4 - Adicione à página um quadro de pixels, com 25 pixels.",
          "fullFile": "",
          "file": "",
          "beforeHooks": [],
          "afterHooks": [],
          "tests": [
            {
              "title": "Verifica se o quadro de pixels possui o `id` denominado `pixel-board`",
              "fullTitle": "4 - Adicione à página um quadro de pixels, com 25 pixels. Verifica se o quadro de pixels possui o `id` denominado `pixel-board`",
              "timedOut": null,
              "duration": 288,
              "state": "passed",
              "speed": "slow",
              "pass": true,
              "fail": false,
              "pending": false,
              "context": null,
              "code": "cy.get('#pixel-board').should('be.visible');",
              "err": {},
              "uuid": "c79411e4-1bdc-4755-82d9-f36d8d40c8cd",
              "parentUUID": "8e9f4695-8f48-4716-89cd-44701905bbd9",
              "isHook": false,
              "skipped": false
            },
            {
              "title": "Verifica se cada pixel individual dentro do quadro possui a `classe` denominada `pixel`.",
              "fullTitle": "4 - Adicione à página um quadro de pixels, com 25 pixels. Verifica se cada pixel individual dentro do quadro possui a `classe` denominada `pixel`.",
              "timedOut": null,
              "duration": 341,
              "state": "passed",
              "speed": "slow",
              "pass": true,
              "fail": false,
              "pending": false,
              "context": null,
              "code": "cy.get('.pixel').should('have.length', 25);",
              "err": {},
              "uuid": "506e2c66-a747-4092-9bc8-be00475b6cf2",
              "parentUUID": "8e9f4695-8f48-4716-89cd-44701905bbd9",
              "isHook": false,
              "skipped": false
            },
            {
              "title": "Verifica se a cor inicial dos pixels dentro do quadro, ao abrir a página, é branca.",
              "fullTitle": "4 - Adicione à página um quadro de pixels, com 25 pixels. Verifica se a cor inicial dos pixels dentro do quadro, ao abrir a página, é branca.",
              "timedOut": null,
              "duration": 451,
              "state": "passed",
              "speed": "slow",
              "pass": true,
              "fail": false,
              "pending": false,
              "context": null,
              "code": "cy.get('.pixel').should('have.length', 25).each(function (pixel) {\n  expect(pixel).to.have.css('background-color', WHITE);\n});",
              "err": {},
              "uuid": "8a94e03d-f30c-4376-99a5-50d676f010ea",
              "parentUUID": "8e9f4695-8f48-4716-89cd-44701905bbd9",
              "isHook": false,
              "skipped": false
            },
            {
              "title": "Verifica se o quadro de pixels aparece abaixo da paleta de cores",
              "fullTitle": "4 - Adicione à página um quadro de pixels, com 25 pixels. Verifica se o quadro de pixels aparece abaixo da paleta de cores",
              "timedOut": null,
              "duration": 386,
              "state": "passed",
              "speed": "slow",
              "pass": true,
              "fail": false,
              "pending": false,
              "context": null,
              "code": "cy.get('#color-palette').then(function (palette) {\n  cy.get('#pixel-board').should('be.belowOf', palette);\n});",
              "err": {},
              "uuid": "ef82c5af-c4fe-4013-a4cc-f360288541c2",
              "parentUUID": "8e9f4695-8f48-4716-89cd-44701905bbd9",
              "isHook": false,
              "skipped": false
            }
          ],
          "suites": [],
          "passes": [
            "c79411e4-1bdc-4755-82d9-f36d8d40c8cd",
            "506e2c66-a747-4092-9bc8-be00475b6cf2",
            "8a94e03d-f30c-4376-99a5-50d676f010ea",
            "ef82c5af-c4fe-4013-a4cc-f360288541c2"
          ],
          "failures": [],
          "pending": [],
          "skipped": [],
          "duration": 1466,
          "root": false,
          "rootEmpty": false,
          "_timeout": 2000
        },
        {
          "uuid": "5da3a193-0f58-40d7-9a30-c2b6a91af196",
          "title": "5 - Faça com que cada elemento do quadro de pixels possua 40 pixels de largura, 40 pixels de altura e seja delimitado por uma borda preta de 1 pixel.",
          "fullFile": "",
          "file": "",
          "beforeHooks": [],
          "afterHooks": [],
          "tests": [
            {
              "title": "Verifica se o quadro de pixels tem altura e comprimento de 5 elementos",
              "fullTitle": "5 - Faça com que cada elemento do quadro de pixels possua 40 pixels de largura, 40 pixels de altura e seja delimitado por uma borda preta de 1 pixel. Verifica se o quadro de pixels tem altura e comprimento de 5 elementos",
              "timedOut": null,
              "duration": 708,
              "state": "passed",
              "speed": "slow",
              "pass": true,
              "fail": false,
              "pending": false,
              "context": null,
              "code": "cy.get('.pixel').should('have.length', 25).each(function (pixel) {\n  expect(pixel).to.have.css('background-color', WHITE);\n}).and(function (pixels) {\n  var rows = chunk(pixels, 5);\n  rows.forEach(function (row) {\n    for (var index = 1; index < row.length; index += 1) {\n      var current = pixels[index];\n      var previous = pixels[index - 1];\n      cy.wrap(current).should('be.onTheRightOf', previous).and('be.horizontallyAlignedWith', previous);\n    }\n  });\n  for (var index = 1; index < 5; index += 1) {\n    expect(pixels[index * 5]).to.be.belowOf(pixels[(index - 1) * 5]);\n  }\n});",
              "err": {},
              "uuid": "a5946a42-452f-40b9-a3a5-0c3013459ead",
              "parentUUID": "5da3a193-0f58-40d7-9a30-c2b6a91af196",
              "isHook": false,
              "skipped": false
            },
            {
              "title": "Verifica se 40 pixels é o tamanho total do elemento, incluindo seu conteúdo e excluindo a borda preta, que deve ser criada à parte.",
              "fullTitle": "5 - Faça com que cada elemento do quadro de pixels possua 40 pixels de largura, 40 pixels de altura e seja delimitado por uma borda preta de 1 pixel. Verifica se 40 pixels é o tamanho total do elemento, incluindo seu conteúdo e excluindo a borda preta, que deve ser criada à parte.",
              "timedOut": null,
              "duration": 1027,
              "state": "passed",
              "speed": "slow",
              "pass": true,
              "fail": false,
              "pending": false,
              "context": null,
              "code": "cy.get('.pixel').each(function (pixel) {\n  cy.wrap(pixel).should('have.css', 'height', '40px').and('have.css', 'width', '40px').and('have.css', 'border', \"1px solid \".concat(BLACK));\n});",
              "err": {},
              "uuid": "2eea22c5-2e8e-4397-85c3-f869cb48d9a9",
              "parentUUID": "5da3a193-0f58-40d7-9a30-c2b6a91af196",
              "isHook": false,
              "skipped": false
            }
          ],
          "suites": [],
          "passes": [
            "a5946a42-452f-40b9-a3a5-0c3013459ead",
            "2eea22c5-2e8e-4397-85c3-f869cb48d9a9"
          ],
          "failures": [],
          "pending": [],
          "skipped": [],
          "duration": 1735,
          "root": false,
          "rootEmpty": false,
          "_timeout": 2000
        },
        {
          "uuid": "fb10793e-12de-48bc-90fe-69774ff856aa",
          "title": "6 - Defina a cor preta como cor inicial. Ao carregar a página a cor preta já deve estar selecionada para pintar os pixels",
          "fullFile": "",
          "file": "",
          "beforeHooks": [],
          "afterHooks": [],
          "tests": [
            {
              "title": "Verifica se o elemento da cor preta possui, inicialmente, a `classe` `selected`",
              "fullTitle": "6 - Defina a cor preta como cor inicial. Ao carregar a página a cor preta já deve estar selecionada para pintar os pixels Verifica se o elemento da cor preta possui, inicialmente, a `classe` `selected`",
              "timedOut": null,
              "duration": 582,
              "state": "passed",
              "speed": "slow",
              "pass": true,
              "fail": false,
              "pending": false,
              "context": null,
              "code": "cy.get('.selected').first().should('have.css', 'background-color', BLACK);",
              "err": {},
              "uuid": "14fd7d89-8808-4924-a193-34dc6d47fd6e",
              "parentUUID": "fb10793e-12de-48bc-90fe-69774ff856aa",
              "isHook": false,
              "skipped": false
            },
            {
              "title": "Verifica se nenhuma outra cor da paleta tem a `classe` `selected`",
              "fullTitle": "6 - Defina a cor preta como cor inicial. Ao carregar a página a cor preta já deve estar selecionada para pintar os pixels Verifica se nenhuma outra cor da paleta tem a `classe` `selected`",
              "timedOut": null,
              "duration": 631,
              "state": "passed",
              "speed": "slow",
              "pass": true,
              "fail": false,
              "pending": false,
              "context": null,
              "code": "cy.get('.color:not(:first-child)').each(function (color) {\n  cy.wrap(color).should('not.have.class', 'selected');\n});",
              "err": {},
              "uuid": "48bb9786-5afe-4845-9f31-074006423544",
              "parentUUID": "fb10793e-12de-48bc-90fe-69774ff856aa",
              "isHook": false,
              "skipped": false
            }
          ],
          "suites": [],
          "passes": [
            "14fd7d89-8808-4924-a193-34dc6d47fd6e",
            "48bb9786-5afe-4845-9f31-074006423544"
          ],
          "failures": [],
          "pending": [],
          "skipped": [],
          "duration": 1213,
          "root": false,
          "rootEmpty": false,
          "_timeout": 2000
        },
        {
          "uuid": "b4b86e97-0ea9-4a66-bd6f-37de9eb8becc",
          "title": "7 - Clicar em uma das cores da paleta, faz com que ela seja selecionada e utilizada para preencher os pixels no quadro.",
          "fullFile": "",
          "file": "",
          "beforeHooks": [],
          "afterHooks": [],
          "tests": [
            {
              "title": "Verifica se somente uma cor da paleta de cores tem a classe `selected` de cada vez",
              "fullTitle": "7 - Clicar em uma das cores da paleta, faz com que ela seja selecionada e utilizada para preencher os pixels no quadro. Verifica se somente uma cor da paleta de cores tem a classe `selected` de cada vez",
              "timedOut": null,
              "duration": 1358,
              "state": "passed",
              "speed": "slow",
              "pass": true,
              "fail": false,
              "pending": false,
              "context": null,
              "code": "cy.get('.color').each(function (selectedColor, selectedColorIndex) {\n  cy.wrap(selectedColor).click();\n  cy.get('.color').each(function (color, colorIndex) {\n    if (colorIndex === selectedColorIndex) {\n      expect(color).to.have[\"class\"]('selected');\n    } else {\n      expect(color).not.to.have[\"class\"]('selected');\n    }\n  });\n});",
              "err": {},
              "uuid": "1387b443-6baf-4b0b-9c25-bcc1dc4faaa6",
              "parentUUID": "b4b86e97-0ea9-4a66-bd6f-37de9eb8becc",
              "isHook": false,
              "skipped": false
            },
            {
              "title": "Verifica se os pixels dentro do quadro não têm a classe `selected` quando são clicados",
              "fullTitle": "7 - Clicar em uma das cores da paleta, faz com que ela seja selecionada e utilizada para preencher os pixels no quadro. Verifica se os pixels dentro do quadro não têm a classe `selected` quando são clicados",
              "timedOut": null,
              "duration": 12449,
              "state": "passed",
              "speed": "slow",
              "pass": true,
              "fail": false,
              "pending": false,
              "context": null,
              "code": "cy.get('.color').each(function (color) {\n  var backgroundColor = color.css('background-color');\n  cy.wrap(color).click();\n  cy.get('.pixel').each(function (pixel) {\n    cy.wrap(pixel).click().should('not.have.class', 'selected');\n  });\n});",
              "err": {},
              "uuid": "b622bcbd-8300-4c0b-b8dd-fd2d68422b6c",
              "parentUUID": "b4b86e97-0ea9-4a66-bd6f-37de9eb8becc",
              "isHook": false,
              "skipped": false
            }
          ],
          "suites": [],
          "passes": [
            "1387b443-6baf-4b0b-9c25-bcc1dc4faaa6",
            "b622bcbd-8300-4c0b-b8dd-fd2d68422b6c"
          ],
          "failures": [],
          "pending": [],
          "skipped": [],
          "duration": 13807,
          "root": false,
          "rootEmpty": false,
          "_timeout": 2000
        },
        {
          "uuid": "9472125a-356c-4bba-bee9-f5dee4d78aab",
          "title": "8 - Clicar em um pixel dentro do quadro após selecionar uma cor na paleta, faz com que o pixel seja preenchido com a cor selecionada.",
          "fullFile": "",
          "file": "",
          "beforeHooks": [],
          "afterHooks": [],
          "tests": [
            {
              "title": "Verifica se ao carregar a página deve ser possível pintar os pixels de preto",
              "fullTitle": "8 - Clicar em um pixel dentro do quadro após selecionar uma cor na paleta, faz com que o pixel seja preenchido com a cor selecionada. Verifica se ao carregar a página deve ser possível pintar os pixels de preto",
              "timedOut": null,
              "duration": 5586,
              "state": "failed",
              "speed": null,
              "pass": false,
              "fail": true,
              "pending": false,
              "context": null,
              "code": "cy.get('.pixel').each(function (pixel) {\n  cy.wrap(pixel).click().should('have.css', 'background-color', BLACK);\n});",
              "err": {
                "message": "CypressError: Timed out retrying: expected '<div.pixel>' to have CSS property 'background-color' with the value 'rgb(0, 0, 0)', but the value was 'rgb(255, 255, 255)'",
                "estack": "CypressError: Timed out retrying: expected '<div.pixel>' to have CSS property 'background-color' with the value 'rgb(0, 0, 0)', but the value was 'rgb(255, 255, 255)'\n    at cypressErr (http://localhost:44985/__cypress/runner/cypress_runner.js:149934:9)\n    at throwErr (http://localhost:44985/__cypress/runner/cypress_runner.js:149867:11)\n    at Object.throwErrByPath (http://localhost:44985/__cypress/runner/cypress_runner.js:149915:3)\n    at retry (http://localhost:44985/__cypress/runner/cypress_runner.js:144197:19)\n    at onFailFn (http://localhost:44985/__cypress/runner/cypress_runner.js:132448:16)\n    at tryCatcher (http://localhost:44985/__cypress/runner/cypress_runner.js:167415:23)\n    at Promise._settlePromiseFromHandler (http://localhost:44985/__cypress/runner/cypress_runner.js:165351:31)\n    at Promise._settlePromise (http://localhost:44985/__cypress/runner/cypress_runner.js:165408:18)\n    at Promise._settlePromise0 (http://localhost:44985/__cypress/runner/cypress_runner.js:165453:10)\n    at Promise._settlePromises (http://localhost:44985/__cypress/runner/cypress_runner.js:165528:18)\n    at Async../node_modules/bluebird/js/release/async.js.Async._drainQueue (http://localhost:44985/__cypress/runner/cypress_runner.js:162140:16)\n    at Async../node_modules/bluebird/js/release/async.js.Async._drainQueues (http://localhost:44985/__cypress/runner/cypress_runner.js:162150:10)\n    at Async.drainQueues (http://localhost:44985/__cypress/runner/cypress_runner.js:162024:14)",
                "diff": null
              },
              "uuid": "0756fcc6-a239-4456-9ab0-4ade8bc6ac16",
              "parentUUID": "9472125a-356c-4bba-bee9-f5dee4d78aab",
              "isHook": false,
              "skipped": false
            },
            {
              "title": "Verifica se após selecionar uma outra cor na paleta, é possível pintar os pixels com essa cor",
              "fullTitle": "8 - Clicar em um pixel dentro do quadro após selecionar uma cor na paleta, faz com que o pixel seja preenchido com a cor selecionada. Verifica se após selecionar uma outra cor na paleta, é possível pintar os pixels com essa cor",
              "timedOut": null,
              "duration": 5041,
              "state": "failed",
              "speed": null,
              "pass": false,
              "fail": true,
              "pending": false,
              "context": null,
              "code": "cy.get('.color').each(function (color) {\n  var backgroundColor = color.css('background-color');\n  cy.wrap(color).click();\n  cy.get('.pixel').each(function (pixel) {\n    cy.wrap(pixel).click().should('have.css', 'background-color', backgroundColor);\n  });\n});",
              "err": {
                "message": "CypressError: Timed out retrying: expected '<div.pixel>' to have CSS property 'background-color' with the value 'rgb(0, 0, 0)', but the value was 'rgb(255, 255, 255)'",
                "estack": "CypressError: Timed out retrying: expected '<div.pixel>' to have CSS property 'background-color' with the value 'rgb(0, 0, 0)', but the value was 'rgb(255, 255, 255)'\n    at cypressErr (http://localhost:44985/__cypress/runner/cypress_runner.js:149934:9)\n    at throwErr (http://localhost:44985/__cypress/runner/cypress_runner.js:149867:11)\n    at Object.throwErrByPath (http://localhost:44985/__cypress/runner/cypress_runner.js:149915:3)\n    at retry (http://localhost:44985/__cypress/runner/cypress_runner.js:144197:19)\n    at onFailFn (http://localhost:44985/__cypress/runner/cypress_runner.js:132448:16)\n    at tryCatcher (http://localhost:44985/__cypress/runner/cypress_runner.js:167415:23)\n    at Promise._settlePromiseFromHandler (http://localhost:44985/__cypress/runner/cypress_runner.js:165351:31)\n    at Promise._settlePromise (http://localhost:44985/__cypress/runner/cypress_runner.js:165408:18)\n    at Promise._settlePromise0 (http://localhost:44985/__cypress/runner/cypress_runner.js:165453:10)\n    at Promise._settlePromises (http://localhost:44985/__cypress/runner/cypress_runner.js:165528:18)\n    at Async../node_modules/bluebird/js/release/async.js.Async._drainQueue (http://localhost:44985/__cypress/runner/cypress_runner.js:162140:16)\n    at Async../node_modules/bluebird/js/release/async.js.Async._drainQueues (http://localhost:44985/__cypress/runner/cypress_runner.js:162150:10)\n    at Async.drainQueues (http://localhost:44985/__cypress/runner/cypress_runner.js:162024:14)",
                "diff": null
              },
              "uuid": "db2f9484-9c39-42c9-a157-d197bb87f2a2",
              "parentUUID": "9472125a-356c-4bba-bee9-f5dee4d78aab",
              "isHook": false,
              "skipped": false
            },
            {
              "title": "Verifica se somente o pixel que foi clicado foi preenchido com a cor selecionada, sem influenciar na cor dos demais pixels.",
              "fullTitle": "8 - Clicar em um pixel dentro do quadro após selecionar uma cor na paleta, faz com que o pixel seja preenchido com a cor selecionada. Verifica se somente o pixel que foi clicado foi preenchido com a cor selecionada, sem influenciar na cor dos demais pixels.",
              "timedOut": null,
              "duration": 4044,
              "state": "passed",
              "speed": "slow",
              "pass": true,
              "fail": false,
              "pending": false,
              "context": null,
              "code": "var colorToPixelIndexMap = {\n  0: 6,\n  1: 8,\n  2: 16,\n  3: 18\n};\ncy.get('.color').each(function (color, index) {\n  cy.wrap(color).click();\n  var backgroundColor = color.css('background-color');\n  var clickedPixelIndex = colorToPixelIndexMap[index];\n  cy.get('.pixel').eq(clickedPixelIndex).click();\n  cy.get('.pixel').eq(clickedPixelIndex - 1).should('not.have.css', 'background-color', backgroundColor);\n  cy.get('.pixel').eq(clickedPixelIndex + 1).should('not.have.css', 'background-color', backgroundColor);\n  cy.get('.pixel').eq(clickedPixelIndex - 5).should('not.have.css', 'background-color', backgroundColor);\n  cy.get('.pixel').eq(clickedPixelIndex + 5).should('not.have.css', 'background-color', backgroundColor);\n  cy.get('.pixel').eq(clickedPixelIndex - 6).should('not.have.css', 'background-color', backgroundColor);\n  cy.get('.pixel').eq(clickedPixelIndex - 4).should('not.have.css', 'background-color', backgroundColor);\n  cy.get('.pixel').eq(clickedPixelIndex + 4).should('not.have.css', 'background-color', backgroundColor);\n  cy.get('.pixel').eq(clickedPixelIndex + 6).should('not.have.css', 'background-color', backgroundColor);\n});",
              "err": {},
              "uuid": "44a05365-3323-4dcd-ad91-480c64ca9921",
              "parentUUID": "9472125a-356c-4bba-bee9-f5dee4d78aab",
              "isHook": false,
              "skipped": false
            }
          ],
          "suites": [],
          "passes": [
            "44a05365-3323-4dcd-ad91-480c64ca9921"
          ],
          "failures": [
            "0756fcc6-a239-4456-9ab0-4ade8bc6ac16",
            "db2f9484-9c39-42c9-a157-d197bb87f2a2"
          ],
          "pending": [],
          "skipped": [],
          "duration": 14671,
          "root": false,
          "rootEmpty": false,
          "_timeout": 2000
        },
        {
          "uuid": "3459f6d7-be50-4d63-9691-eafbc4c913cf",
          "title": "9 - Crie um botão que, ao ser clicado, limpa o quadro preenchendo a cor de todos seus pixels com branco.",
          "fullFile": "",
          "file": "",
          "beforeHooks": [],
          "afterHooks": [],
          "tests": [
            {
              "title": "Verifica se o botão tem o `id` denominado `clear-board`",
              "fullTitle": "9 - Crie um botão que, ao ser clicado, limpa o quadro preenchendo a cor de todos seus pixels com branco. Verifica se o botão tem o `id` denominado `clear-board`",
              "timedOut": null,
              "duration": 4672,
              "state": "failed",
              "speed": null,
              "pass": false,
              "fail": true,
              "pending": false,
              "context": null,
              "code": "cy.get('#clear-board').should('be.visible');",
              "err": {
                "message": "CypressError: Timed out retrying: Expected to find element: '#clear-board', but never found it.",
                "estack": "CypressError: Timed out retrying: Expected to find element: '#clear-board', but never found it.\n    at cypressErr (http://localhost:44985/__cypress/runner/cypress_runner.js:149934:9)\n    at throwErr (http://localhost:44985/__cypress/runner/cypress_runner.js:149867:11)\n    at Object.throwErrByPath (http://localhost:44985/__cypress/runner/cypress_runner.js:149915:3)\n    at retry (http://localhost:44985/__cypress/runner/cypress_runner.js:144197:19)\n    at onFailFn (http://localhost:44985/__cypress/runner/cypress_runner.js:132448:16)\n    at tryCatcher (http://localhost:44985/__cypress/runner/cypress_runner.js:167415:23)\n    at Promise._settlePromiseFromHandler (http://localhost:44985/__cypress/runner/cypress_runner.js:165351:31)\n    at Promise._settlePromise (http://localhost:44985/__cypress/runner/cypress_runner.js:165408:18)\n    at Promise._settlePromise0 (http://localhost:44985/__cypress/runner/cypress_runner.js:165453:10)\n    at Promise._settlePromises (http://localhost:44985/__cypress/runner/cypress_runner.js:165528:18)\n    at Async../node_modules/bluebird/js/release/async.js.Async._drainQueue (http://localhost:44985/__cypress/runner/cypress_runner.js:162140:16)\n    at Async../node_modules/bluebird/js/release/async.js.Async._drainQueues (http://localhost:44985/__cypress/runner/cypress_runner.js:162150:10)\n    at Async.drainQueues (http://localhost:44985/__cypress/runner/cypress_runner.js:162024:14)",
                "diff": null
              },
              "uuid": "da90b1c7-2f83-461b-85f9-5179b3ee9e06",
              "parentUUID": "3459f6d7-be50-4d63-9691-eafbc4c913cf",
              "isHook": false,
              "skipped": false
            },
            {
              "title": "Verifica se o botão está posicionado entre a paleta de cores e o quadro de pixels",
              "fullTitle": "9 - Crie um botão que, ao ser clicado, limpa o quadro preenchendo a cor de todos seus pixels com branco. Verifica se o botão está posicionado entre a paleta de cores e o quadro de pixels",
              "timedOut": null,
              "duration": 4837,
              "state": "failed",
              "speed": null,
              "pass": false,
              "fail": true,
              "pending": false,
              "context": null,
              "code": "cy.get('#color-palette').then(function (palette) {\n  cy.get('#clear-board').should('be.belowOf', palette);\n});\ncy.get('#clear-board').then(function (clearBtn) {\n  cy.get('#pixel-board').should('be.belowOf', clearBtn);\n});",
              "err": {
                "message": "CypressError: Timed out retrying: Expected to find element: '#clear-board', but never found it.",
                "estack": "CypressError: Timed out retrying: Expected to find element: '#clear-board', but never found it.\n    at cypressErr (http://localhost:44985/__cypress/runner/cypress_runner.js:149934:9)\n    at throwErr (http://localhost:44985/__cypress/runner/cypress_runner.js:149867:11)\n    at Object.throwErrByPath (http://localhost:44985/__cypress/runner/cypress_runner.js:149915:3)\n    at retry (http://localhost:44985/__cypress/runner/cypress_runner.js:144197:19)\n    at onFailFn (http://localhost:44985/__cypress/runner/cypress_runner.js:132448:16)\n    at tryCatcher (http://localhost:44985/__cypress/runner/cypress_runner.js:167415:23)\n    at Promise._settlePromiseFromHandler (http://localhost:44985/__cypress/runner/cypress_runner.js:165351:31)\n    at Promise._settlePromise (http://localhost:44985/__cypress/runner/cypress_runner.js:165408:18)\n    at Promise._settlePromise0 (http://localhost:44985/__cypress/runner/cypress_runner.js:165453:10)\n    at Promise._settlePromises (http://localhost:44985/__cypress/runner/cypress_runner.js:165528:18)\n    at Async../node_modules/bluebird/js/release/async.js.Async._drainQueue (http://localhost:44985/__cypress/runner/cypress_runner.js:162140:16)\n    at Async../node_modules/bluebird/js/release/async.js.Async._drainQueues (http://localhost:44985/__cypress/runner/cypress_runner.js:162150:10)\n    at Async.drainQueues (http://localhost:44985/__cypress/runner/cypress_runner.js:162024:14)",
                "diff": null
              },
              "uuid": "7626c4ed-bab7-4cdc-83e3-0da88efc1a73",
              "parentUUID": "3459f6d7-be50-4d63-9691-eafbc4c913cf",
              "isHook": false,
              "skipped": false
            },
            {
              "title": "Verifica se o texto do botão é 'Limpar'",
              "fullTitle": "9 - Crie um botão que, ao ser clicado, limpa o quadro preenchendo a cor de todos seus pixels com branco. Verifica se o texto do botão é 'Limpar'",
              "timedOut": null,
              "duration": 4700,
              "state": "failed",
              "speed": null,
              "pass": false,
              "fail": true,
              "pending": false,
              "context": null,
              "code": "cy.get('#clear-board').should('contain.text', 'Limpar');",
              "err": {
                "message": "CypressError: Timed out retrying: Expected to find element: '#clear-board', but never found it.",
                "estack": "CypressError: Timed out retrying: Expected to find element: '#clear-board', but never found it.\n    at cypressErr (http://localhost:44985/__cypress/runner/cypress_runner.js:149934:9)\n    at throwErr (http://localhost:44985/__cypress/runner/cypress_runner.js:149867:11)\n    at Object.throwErrByPath (http://localhost:44985/__cypress/runner/cypress_runner.js:149915:3)\n    at retry (http://localhost:44985/__cypress/runner/cypress_runner.js:144197:19)\n    at onFailFn (http://localhost:44985/__cypress/runner/cypress_runner.js:132448:16)\n    at tryCatcher (http://localhost:44985/__cypress/runner/cypress_runner.js:167415:23)\n    at Promise._settlePromiseFromHandler (http://localhost:44985/__cypress/runner/cypress_runner.js:165351:31)\n    at Promise._settlePromise (http://localhost:44985/__cypress/runner/cypress_runner.js:165408:18)\n    at Promise._settlePromise0 (http://localhost:44985/__cypress/runner/cypress_runner.js:165453:10)\n    at Promise._settlePromises (http://localhost:44985/__cypress/runner/cypress_runner.js:165528:18)\n    at Async../node_modules/bluebird/js/release/async.js.Async._drainQueue (http://localhost:44985/__cypress/runner/cypress_runner.js:162140:16)\n    at Async../node_modules/bluebird/js/release/async.js.Async._drainQueues (http://localhost:44985/__cypress/runner/cypress_runner.js:162150:10)\n    at Async.drainQueues (http://localhost:44985/__cypress/runner/cypress_runner.js:162024:14)",
                "diff": null
              },
              "uuid": "2f0065a4-3985-45ea-b31b-6d2ab9a5ccf0",
              "parentUUID": "3459f6d7-be50-4d63-9691-eafbc4c913cf",
              "isHook": false,
              "skipped": false
            },
            {
              "title": "Verifica se ao clicar no botão, o quadro de pixels é totalmente preenchido de branco",
              "fullTitle": "9 - Crie um botão que, ao ser clicado, limpa o quadro preenchendo a cor de todos seus pixels com branco. Verifica se ao clicar no botão, o quadro de pixels é totalmente preenchido de branco",
              "timedOut": null,
              "duration": 5089,
              "state": "failed",
              "speed": null,
              "pass": false,
              "fail": true,
              "pending": false,
              "context": null,
              "code": "cy.get('.color').eq(1).then(function (color) {\n  var backgroundColor = color.css('background-color');\n  cy.wrap(color).click();\n  cy.get('.pixel').each(function (pixel) {\n    cy.wrap(pixel).click().should('have.css', 'background-color', backgroundColor);\n  });\n});\ncy.get('#clear-board').click();\ncy.get('.pixel').each(function (pixel) {\n  cy.wrap(pixel).should('have.css', 'background-color', WHITE);\n});",
              "err": {
                "message": "CypressError: Timed out retrying: expected '<div.pixel>' to have CSS property 'background-color' with the value 'rgb(255, 0, 0)', but the value was 'rgb(255, 255, 255)'",
                "estack": "CypressError: Timed out retrying: expected '<div.pixel>' to have CSS property 'background-color' with the value 'rgb(255, 0, 0)', but the value was 'rgb(255, 255, 255)'\n    at cypressErr (http://localhost:44985/__cypress/runner/cypress_runner.js:149934:9)\n    at throwErr (http://localhost:44985/__cypress/runner/cypress_runner.js:149867:11)\n    at Object.throwErrByPath (http://localhost:44985/__cypress/runner/cypress_runner.js:149915:3)\n    at retry (http://localhost:44985/__cypress/runner/cypress_runner.js:144197:19)\n    at onFailFn (http://localhost:44985/__cypress/runner/cypress_runner.js:132448:16)\n    at tryCatcher (http://localhost:44985/__cypress/runner/cypress_runner.js:167415:23)\n    at Promise._settlePromiseFromHandler (http://localhost:44985/__cypress/runner/cypress_runner.js:165351:31)\n    at Promise._settlePromise (http://localhost:44985/__cypress/runner/cypress_runner.js:165408:18)\n    at Promise._settlePromise0 (http://localhost:44985/__cypress/runner/cypress_runner.js:165453:10)\n    at Promise._settlePromises (http://localhost:44985/__cypress/runner/cypress_runner.js:165528:18)\n    at Async../node_modules/bluebird/js/release/async.js.Async._drainQueue (http://localhost:44985/__cypress/runner/cypress_runner.js:162140:16)\n    at Async../node_modules/bluebird/js/release/async.js.Async._drainQueues (http://localhost:44985/__cypress/runner/cypress_runner.js:162150:10)\n    at Async.drainQueues (http://localhost:44985/__cypress/runner/cypress_runner.js:162024:14)",
                "diff": null
              },
              "uuid": "bf93982a-f616-487f-815e-fd4790d28649",
              "parentUUID": "3459f6d7-be50-4d63-9691-eafbc4c913cf",
              "isHook": false,
              "skipped": false
            }
          ],
          "suites": [],
          "passes": [],
          "failures": [
            "da90b1c7-2f83-461b-85f9-5179b3ee9e06",
            "7626c4ed-bab7-4cdc-83e3-0da88efc1a73",
            "2f0065a4-3985-45ea-b31b-6d2ab9a5ccf0",
            "bf93982a-f616-487f-815e-fd4790d28649"
          ],
          "pending": [],
          "skipped": [],
          "duration": 19298,
          "root": false,
          "rootEmpty": false,
          "_timeout": 2000
        },
        {
          "uuid": "26de65e4-b514-481f-a012-e0f448977fc2",
          "title": "10 - Faça o quadro de pixels ter seu tamanho definido pelo usuário.",
          "fullFile": "",
          "file": "",
          "beforeHooks": [],
          "afterHooks": [],
          "tests": [
            {
              "title": "Verifica se existe um input com o id `board-size`",
              "fullTitle": "10 - Faça o quadro de pixels ter seu tamanho definido pelo usuário. Verifica se existe um input com o id `board-size`",
              "timedOut": null,
              "duration": 4813,
              "state": "failed",
              "speed": null,
              "pass": false,
              "fail": true,
              "pending": false,
              "context": null,
              "code": "cy.get('#board-size').should('be.visible');",
              "err": {
                "message": "CypressError: Timed out retrying: Expected to find element: '#board-size', but never found it.",
                "estack": "CypressError: Timed out retrying: Expected to find element: '#board-size', but never found it.\n    at cypressErr (http://localhost:44985/__cypress/runner/cypress_runner.js:149934:9)\n    at throwErr (http://localhost:44985/__cypress/runner/cypress_runner.js:149867:11)\n    at Object.throwErrByPath (http://localhost:44985/__cypress/runner/cypress_runner.js:149915:3)\n    at retry (http://localhost:44985/__cypress/runner/cypress_runner.js:144197:19)\n    at onFailFn (http://localhost:44985/__cypress/runner/cypress_runner.js:132448:16)\n    at tryCatcher (http://localhost:44985/__cypress/runner/cypress_runner.js:167415:23)\n    at Promise._settlePromiseFromHandler (http://localhost:44985/__cypress/runner/cypress_runner.js:165351:31)\n    at Promise._settlePromise (http://localhost:44985/__cypress/runner/cypress_runner.js:165408:18)\n    at Promise._settlePromise0 (http://localhost:44985/__cypress/runner/cypress_runner.js:165453:10)\n    at Promise._settlePromises (http://localhost:44985/__cypress/runner/cypress_runner.js:165528:18)\n    at Async../node_modules/bluebird/js/release/async.js.Async._drainQueue (http://localhost:44985/__cypress/runner/cypress_runner.js:162140:16)\n    at Async../node_modules/bluebird/js/release/async.js.Async._drainQueues (http://localhost:44985/__cypress/runner/cypress_runner.js:162150:10)\n    at Async.drainQueues (http://localhost:44985/__cypress/runner/cypress_runner.js:162024:14)",
                "diff": null
              },
              "uuid": "fa6ed1bd-ae5a-4414-9b9b-f44a38d6cc72",
              "parentUUID": "26de65e4-b514-481f-a012-e0f448977fc2",
              "isHook": false,
              "skipped": false
            },
            {
              "title": "Verifica se existe um botão com o id `generate-board`",
              "fullTitle": "10 - Faça o quadro de pixels ter seu tamanho definido pelo usuário. Verifica se existe um botão com o id `generate-board`",
              "timedOut": null,
              "duration": 4743,
              "state": "failed",
              "speed": null,
              "pass": false,
              "fail": true,
              "pending": false,
              "context": null,
              "code": "cy.get('#generate-board').should('be.visible');",
              "err": {
                "message": "CypressError: Timed out retrying: Expected to find element: '#generate-board', but never found it.",
                "estack": "CypressError: Timed out retrying: Expected to find element: '#generate-board', but never found it.\n    at cypressErr (http://localhost:44985/__cypress/runner/cypress_runner.js:149934:9)\n    at throwErr (http://localhost:44985/__cypress/runner/cypress_runner.js:149867:11)\n    at Object.throwErrByPath (http://localhost:44985/__cypress/runner/cypress_runner.js:149915:3)\n    at retry (http://localhost:44985/__cypress/runner/cypress_runner.js:144197:19)\n    at onFailFn (http://localhost:44985/__cypress/runner/cypress_runner.js:132448:16)\n    at tryCatcher (http://localhost:44985/__cypress/runner/cypress_runner.js:167415:23)\n    at Promise._settlePromiseFromHandler (http://localhost:44985/__cypress/runner/cypress_runner.js:165351:31)\n    at Promise._settlePromise (http://localhost:44985/__cypress/runner/cypress_runner.js:165408:18)\n    at Promise._settlePromise0 (http://localhost:44985/__cypress/runner/cypress_runner.js:165453:10)\n    at Promise._settlePromises (http://localhost:44985/__cypress/runner/cypress_runner.js:165528:18)\n    at Async../node_modules/bluebird/js/release/async.js.Async._drainQueue (http://localhost:44985/__cypress/runner/cypress_runner.js:162140:16)\n    at Async../node_modules/bluebird/js/release/async.js.Async._drainQueues (http://localhost:44985/__cypress/runner/cypress_runner.js:162150:10)\n    at Async.drainQueues (http://localhost:44985/__cypress/runner/cypress_runner.js:162024:14)",
                "diff": null
              },
              "uuid": "936f915f-1c8a-412f-9372-e4bd571b4796",
              "parentUUID": "26de65e4-b514-481f-a012-e0f448977fc2",
              "isHook": false,
              "skipped": false
            },
            {
              "title": "Verifica se o input só aceita número maiores que zero. Essa restrição deve ser feita usando os atributos do elemento `input`",
              "fullTitle": "10 - Faça o quadro de pixels ter seu tamanho definido pelo usuário. Verifica se o input só aceita número maiores que zero. Essa restrição deve ser feita usando os atributos do elemento `input`",
              "timedOut": null,
              "duration": 4637,
              "state": "failed",
              "speed": null,
              "pass": false,
              "fail": true,
              "pending": false,
              "context": null,
              "code": "cy.get('#board-size[type=\\'number\\'][min=\\'1\\']');",
              "err": {
                "message": "CypressError: Timed out retrying: Expected to find element: '#board-size[type='number'][min='1']', but never found it.",
                "estack": "CypressError: Timed out retrying: Expected to find element: '#board-size[type='number'][min='1']', but never found it.\n    at cypressErr (http://localhost:44985/__cypress/runner/cypress_runner.js:149934:9)\n    at throwErr (http://localhost:44985/__cypress/runner/cypress_runner.js:149867:11)\n    at Object.throwErrByPath (http://localhost:44985/__cypress/runner/cypress_runner.js:149915:3)\n    at retry (http://localhost:44985/__cypress/runner/cypress_runner.js:144197:19)\n    at onFailFn (http://localhost:44985/__cypress/runner/cypress_runner.js:132448:16)\n    at tryCatcher (http://localhost:44985/__cypress/runner/cypress_runner.js:167415:23)\n    at Promise._settlePromiseFromHandler (http://localhost:44985/__cypress/runner/cypress_runner.js:165351:31)\n    at Promise._settlePromise (http://localhost:44985/__cypress/runner/cypress_runner.js:165408:18)\n    at Promise._settlePromise0 (http://localhost:44985/__cypress/runner/cypress_runner.js:165453:10)\n    at Promise._settlePromises (http://localhost:44985/__cypress/runner/cypress_runner.js:165528:18)\n    at Async../node_modules/bluebird/js/release/async.js.Async._drainQueue (http://localhost:44985/__cypress/runner/cypress_runner.js:162140:16)\n    at Async../node_modules/bluebird/js/release/async.js.Async._drainQueues (http://localhost:44985/__cypress/runner/cypress_runner.js:162150:10)\n    at Async.drainQueues (http://localhost:44985/__cypress/runner/cypress_runner.js:162024:14)",
                "diff": null
              },
              "uuid": "6c457d99-b0e1-40b3-850d-b0a46ea270d7",
              "parentUUID": "26de65e4-b514-481f-a012-e0f448977fc2",
              "isHook": false,
              "skipped": false
            },
            {
              "title": "Verifica se o botão contém o texto 'VQV'",
              "fullTitle": "10 - Faça o quadro de pixels ter seu tamanho definido pelo usuário. Verifica se o botão contém o texto 'VQV'",
              "timedOut": null,
              "duration": 4694,
              "state": "failed",
              "speed": null,
              "pass": false,
              "fail": true,
              "pending": false,
              "context": null,
              "code": "cy.get('#generate-board').contains(/vqv/i);",
              "err": {
                "message": "CypressError: Timed out retrying: Expected to find element: '#generate-board', but never found it.",
                "estack": "CypressError: Timed out retrying: Expected to find element: '#generate-board', but never found it.\n    at cypressErr (http://localhost:44985/__cypress/runner/cypress_runner.js:149934:9)\n    at throwErr (http://localhost:44985/__cypress/runner/cypress_runner.js:149867:11)\n    at Object.throwErrByPath (http://localhost:44985/__cypress/runner/cypress_runner.js:149915:3)\n    at retry (http://localhost:44985/__cypress/runner/cypress_runner.js:144197:19)\n    at onFailFn (http://localhost:44985/__cypress/runner/cypress_runner.js:132448:16)\n    at tryCatcher (http://localhost:44985/__cypress/runner/cypress_runner.js:167415:23)\n    at Promise._settlePromiseFromHandler (http://localhost:44985/__cypress/runner/cypress_runner.js:165351:31)\n    at Promise._settlePromise (http://localhost:44985/__cypress/runner/cypress_runner.js:165408:18)\n    at Promise._settlePromise0 (http://localhost:44985/__cypress/runner/cypress_runner.js:165453:10)\n    at Promise._settlePromises (http://localhost:44985/__cypress/runner/cypress_runner.js:165528:18)\n    at Async../node_modules/bluebird/js/release/async.js.Async._drainQueue (http://localhost:44985/__cypress/runner/cypress_runner.js:162140:16)\n    at Async../node_modules/bluebird/js/release/async.js.Async._drainQueues (http://localhost:44985/__cypress/runner/cypress_runner.js:162150:10)\n    at Async.drainQueues (http://localhost:44985/__cypress/runner/cypress_runner.js:162024:14)",
                "diff": null
              },
              "uuid": "7a6a56a6-df46-4b2b-9dcf-dc5126e945fa",
              "parentUUID": "26de65e4-b514-481f-a012-e0f448977fc2",
              "isHook": false,
              "skipped": false
            },
            {
              "title": "Verifica se o input está posicionado entre a paleta de cores e o quadro de pixels",
              "fullTitle": "10 - Faça o quadro de pixels ter seu tamanho definido pelo usuário. Verifica se o input está posicionado entre a paleta de cores e o quadro de pixels",
              "timedOut": null,
              "duration": 4707,
              "state": "failed",
              "speed": null,
              "pass": false,
              "fail": true,
              "pending": false,
              "context": null,
              "code": "cy.get('#color-palette').then(function (palette) {\n  cy.get('#board-size').should('be.belowOf', palette);\n});\ncy.get('#board-size').then(function (palette) {\n  cy.get('#pixel-board').should('be.belowOf', palette);\n});",
              "err": {
                "message": "CypressError: Timed out retrying: Expected to find element: '#board-size', but never found it.",
                "estack": "CypressError: Timed out retrying: Expected to find element: '#board-size', but never found it.\n    at cypressErr (http://localhost:44985/__cypress/runner/cypress_runner.js:149934:9)\n    at throwErr (http://localhost:44985/__cypress/runner/cypress_runner.js:149867:11)\n    at Object.throwErrByPath (http://localhost:44985/__cypress/runner/cypress_runner.js:149915:3)\n    at retry (http://localhost:44985/__cypress/runner/cypress_runner.js:144197:19)\n    at onFailFn (http://localhost:44985/__cypress/runner/cypress_runner.js:132448:16)\n    at tryCatcher (http://localhost:44985/__cypress/runner/cypress_runner.js:167415:23)\n    at Promise._settlePromiseFromHandler (http://localhost:44985/__cypress/runner/cypress_runner.js:165351:31)\n    at Promise._settlePromise (http://localhost:44985/__cypress/runner/cypress_runner.js:165408:18)\n    at Promise._settlePromise0 (http://localhost:44985/__cypress/runner/cypress_runner.js:165453:10)\n    at Promise._settlePromises (http://localhost:44985/__cypress/runner/cypress_runner.js:165528:18)\n    at Async../node_modules/bluebird/js/release/async.js.Async._drainQueue (http://localhost:44985/__cypress/runner/cypress_runner.js:162140:16)\n    at Async../node_modules/bluebird/js/release/async.js.Async._drainQueues (http://localhost:44985/__cypress/runner/cypress_runner.js:162150:10)\n    at Async.drainQueues (http://localhost:44985/__cypress/runner/cypress_runner.js:162024:14)",
                "diff": null
              },
              "uuid": "f8e2dcfd-0d60-4140-bb16-d108163269df",
              "parentUUID": "26de65e4-b514-481f-a012-e0f448977fc2",
              "isHook": false,
              "skipped": false
            },
            {
              "title": "Verifica se o botão está posicionado ao lado do input",
              "fullTitle": "10 - Faça o quadro de pixels ter seu tamanho definido pelo usuário. Verifica se o botão está posicionado ao lado do input",
              "timedOut": null,
              "duration": 4761,
              "state": "failed",
              "speed": null,
              "pass": false,
              "fail": true,
              "pending": false,
              "context": null,
              "code": "cy.get('#board-size').then(function (board) {\n  cy.get('#generate-board').should('be.onTheRightOf', board);\n});",
              "err": {
                "message": "CypressError: Timed out retrying: Expected to find element: '#board-size', but never found it.",
                "estack": "CypressError: Timed out retrying: Expected to find element: '#board-size', but never found it.\n    at cypressErr (http://localhost:44985/__cypress/runner/cypress_runner.js:149934:9)\n    at throwErr (http://localhost:44985/__cypress/runner/cypress_runner.js:149867:11)\n    at Object.throwErrByPath (http://localhost:44985/__cypress/runner/cypress_runner.js:149915:3)\n    at retry (http://localhost:44985/__cypress/runner/cypress_runner.js:144197:19)\n    at onFailFn (http://localhost:44985/__cypress/runner/cypress_runner.js:132448:16)\n    at tryCatcher (http://localhost:44985/__cypress/runner/cypress_runner.js:167415:23)\n    at Promise._settlePromiseFromHandler (http://localhost:44985/__cypress/runner/cypress_runner.js:165351:31)\n    at Promise._settlePromise (http://localhost:44985/__cypress/runner/cypress_runner.js:165408:18)\n    at Promise._settlePromise0 (http://localhost:44985/__cypress/runner/cypress_runner.js:165453:10)\n    at Promise._settlePromises (http://localhost:44985/__cypress/runner/cypress_runner.js:165528:18)\n    at Async../node_modules/bluebird/js/release/async.js.Async._drainQueue (http://localhost:44985/__cypress/runner/cypress_runner.js:162140:16)\n    at Async../node_modules/bluebird/js/release/async.js.Async._drainQueues (http://localhost:44985/__cypress/runner/cypress_runner.js:162150:10)\n    at Async.drainQueues (http://localhost:44985/__cypress/runner/cypress_runner.js:162024:14)",
                "diff": null
              },
              "uuid": "582b0277-02c1-4a22-8631-1715e2dbce93",
              "parentUUID": "26de65e4-b514-481f-a012-e0f448977fc2",
              "isHook": false,
              "skipped": false
            },
            {
              "title": "Verifica se nenhum valor for colocado no input ao clicar no botão, um `alert` é exibido com o texto: 'Board inválido!'",
              "fullTitle": "10 - Faça o quadro de pixels ter seu tamanho definido pelo usuário. Verifica se nenhum valor for colocado no input ao clicar no botão, um `alert` é exibido com o texto: 'Board inválido!'",
              "timedOut": null,
              "duration": 4693,
              "state": "failed",
              "speed": null,
              "pass": false,
              "fail": true,
              "pending": false,
              "context": null,
              "code": "var alerted = false;\ncy.on('window:alert', function (msg) {\n  return alerted = msg;\n});\ncy.get('#generate-board').click().then(function () {\n  return expect(alerted).to.match(/Board inválido!/i);\n});",
              "err": {
                "message": "CypressError: Timed out retrying: Expected to find element: '#generate-board', but never found it.",
                "estack": "CypressError: Timed out retrying: Expected to find element: '#generate-board', but never found it.\n    at cypressErr (http://localhost:44985/__cypress/runner/cypress_runner.js:149934:9)\n    at throwErr (http://localhost:44985/__cypress/runner/cypress_runner.js:149867:11)\n    at Object.throwErrByPath (http://localhost:44985/__cypress/runner/cypress_runner.js:149915:3)\n    at retry (http://localhost:44985/__cypress/runner/cypress_runner.js:144197:19)\n    at onFailFn (http://localhost:44985/__cypress/runner/cypress_runner.js:132448:16)\n    at tryCatcher (http://localhost:44985/__cypress/runner/cypress_runner.js:167415:23)\n    at Promise._settlePromiseFromHandler (http://localhost:44985/__cypress/runner/cypress_runner.js:165351:31)\n    at Promise._settlePromise (http://localhost:44985/__cypress/runner/cypress_runner.js:165408:18)\n    at Promise._settlePromise0 (http://localhost:44985/__cypress/runner/cypress_runner.js:165453:10)\n    at Promise._settlePromises (http://localhost:44985/__cypress/runner/cypress_runner.js:165528:18)\n    at Async../node_modules/bluebird/js/release/async.js.Async._drainQueue (http://localhost:44985/__cypress/runner/cypress_runner.js:162140:16)\n    at Async../node_modules/bluebird/js/release/async.js.Async._drainQueues (http://localhost:44985/__cypress/runner/cypress_runner.js:162150:10)\n    at Async.drainQueues (http://localhost:44985/__cypress/runner/cypress_runner.js:162024:14)",
                "diff": null
              },
              "uuid": "caa0dc55-392a-4f77-a4c1-9374c6cb9619",
              "parentUUID": "26de65e4-b514-481f-a012-e0f448977fc2",
              "isHook": false,
              "skipped": false
            },
            {
              "title": "Verifica se ao clicar no botão com um valor preenchido, o tamanho do board muda.",
              "fullTitle": "10 - Faça o quadro de pixels ter seu tamanho definido pelo usuário. Verifica se ao clicar no botão com um valor preenchido, o tamanho do board muda.",
              "timedOut": null,
              "duration": 4609,
              "state": "failed",
              "speed": null,
              "pass": false,
              "fail": true,
              "pending": false,
              "context": null,
              "code": "cy.get('#board-size').clear().type(10);\ncy.get('#generate-board').click();\ncy.get('.pixel').should('have.length', 100);",
              "err": {
                "message": "CypressError: Timed out retrying: Expected to find element: '#board-size', but never found it.",
                "estack": "CypressError: Timed out retrying: Expected to find element: '#board-size', but never found it.\n    at cypressErr (http://localhost:44985/__cypress/runner/cypress_runner.js:149934:9)\n    at throwErr (http://localhost:44985/__cypress/runner/cypress_runner.js:149867:11)\n    at Object.throwErrByPath (http://localhost:44985/__cypress/runner/cypress_runner.js:149915:3)\n    at retry (http://localhost:44985/__cypress/runner/cypress_runner.js:144197:19)\n    at onFailFn (http://localhost:44985/__cypress/runner/cypress_runner.js:132448:16)\n    at tryCatcher (http://localhost:44985/__cypress/runner/cypress_runner.js:167415:23)\n    at Promise._settlePromiseFromHandler (http://localhost:44985/__cypress/runner/cypress_runner.js:165351:31)\n    at Promise._settlePromise (http://localhost:44985/__cypress/runner/cypress_runner.js:165408:18)\n    at Promise._settlePromise0 (http://localhost:44985/__cypress/runner/cypress_runner.js:165453:10)\n    at Promise._settlePromises (http://localhost:44985/__cypress/runner/cypress_runner.js:165528:18)\n    at Async../node_modules/bluebird/js/release/async.js.Async._drainQueue (http://localhost:44985/__cypress/runner/cypress_runner.js:162140:16)\n    at Async../node_modules/bluebird/js/release/async.js.Async._drainQueues (http://localhost:44985/__cypress/runner/cypress_runner.js:162150:10)\n    at Async.drainQueues (http://localhost:44985/__cypress/runner/cypress_runner.js:162024:14)",
                "diff": null
              },
              "uuid": "6a0c24db-907e-4a68-8d60-cf809a8eab51",
              "parentUUID": "26de65e4-b514-481f-a012-e0f448977fc2",
              "isHook": false,
              "skipped": false
            },
            {
              "title": "Verifica se o novo quadro tem todos os pixels preenchidos com a cor branca",
              "fullTitle": "10 - Faça o quadro de pixels ter seu tamanho definido pelo usuário. Verifica se o novo quadro tem todos os pixels preenchidos com a cor branca",
              "timedOut": null,
              "duration": 4954,
              "state": "failed",
              "speed": null,
              "pass": false,
              "fail": true,
              "pending": false,
              "context": null,
              "code": "cy.get('#board-size').clear().type(6);\ncy.get('#generate-board').click();\ncy.get('.pixel').should('have.length', 36).each(function (pixel) {\n  expect(pixel).to.have.css('background-color', WHITE);\n});",
              "err": {
                "message": "CypressError: Timed out retrying: Expected to find element: '#board-size', but never found it.",
                "estack": "CypressError: Timed out retrying: Expected to find element: '#board-size', but never found it.\n    at cypressErr (http://localhost:44985/__cypress/runner/cypress_runner.js:149934:9)\n    at throwErr (http://localhost:44985/__cypress/runner/cypress_runner.js:149867:11)\n    at Object.throwErrByPath (http://localhost:44985/__cypress/runner/cypress_runner.js:149915:3)\n    at retry (http://localhost:44985/__cypress/runner/cypress_runner.js:144197:19)\n    at onFailFn (http://localhost:44985/__cypress/runner/cypress_runner.js:132448:16)\n    at tryCatcher (http://localhost:44985/__cypress/runner/cypress_runner.js:167415:23)\n    at Promise._settlePromiseFromHandler (http://localhost:44985/__cypress/runner/cypress_runner.js:165351:31)\n    at Promise._settlePromise (http://localhost:44985/__cypress/runner/cypress_runner.js:165408:18)\n    at Promise._settlePromise0 (http://localhost:44985/__cypress/runner/cypress_runner.js:165453:10)\n    at Promise._settlePromises (http://localhost:44985/__cypress/runner/cypress_runner.js:165528:18)\n    at Async../node_modules/bluebird/js/release/async.js.Async._drainQueue (http://localhost:44985/__cypress/runner/cypress_runner.js:162140:16)\n    at Async../node_modules/bluebird/js/release/async.js.Async._drainQueues (http://localhost:44985/__cypress/runner/cypress_runner.js:162150:10)\n    at Async.drainQueues (http://localhost:44985/__cypress/runner/cypress_runner.js:162024:14)",
                "diff": null
              },
              "uuid": "26983756-4719-4ea0-bf34-775e43b51d74",
              "parentUUID": "26de65e4-b514-481f-a012-e0f448977fc2",
              "isHook": false,
              "skipped": false
            }
          ],
          "suites": [],
          "passes": [],
          "failures": [
            "fa6ed1bd-ae5a-4414-9b9b-f44a38d6cc72",
            "936f915f-1c8a-412f-9372-e4bd571b4796",
            "6c457d99-b0e1-40b3-850d-b0a46ea270d7",
            "7a6a56a6-df46-4b2b-9dcf-dc5126e945fa",
            "f8e2dcfd-0d60-4140-bb16-d108163269df",
            "582b0277-02c1-4a22-8631-1715e2dbce93",
            "caa0dc55-392a-4f77-a4c1-9374c6cb9619",
            "6a0c24db-907e-4a68-8d60-cf809a8eab51",
            "26983756-4719-4ea0-bf34-775e43b51d74"
          ],
          "pending": [],
          "skipped": [],
          "duration": 42611,
          "root": false,
          "rootEmpty": false,
          "_timeout": 2000
        },
        {
          "uuid": "3f000bdc-60fa-4258-b8af-564f394e9205",
          "title": "11 - Limite o tamanho mínimo e máximo do board.",
          "fullFile": "",
          "file": "",
          "beforeHooks": [],
          "afterHooks": [],
          "tests": [
            {
              "title": "Verifica se a altura máxima do board é 50",
              "fullTitle": "11 - Limite o tamanho mínimo e máximo do board. Verifica se a altura máxima do board é 50",
              "timedOut": null,
              "duration": 4788,
              "state": "failed",
              "speed": null,
              "pass": false,
              "fail": true,
              "pending": false,
              "context": null,
              "code": "cy.get('#board-size').clear().type(50);\ncy.get('#generate-board').click();\ncy.get('.pixel').should('have.length', 2500);",
              "err": {
                "message": "CypressError: Timed out retrying: Expected to find element: '#board-size', but never found it.",
                "estack": "CypressError: Timed out retrying: Expected to find element: '#board-size', but never found it.\n    at cypressErr (http://localhost:44985/__cypress/runner/cypress_runner.js:149934:9)\n    at throwErr (http://localhost:44985/__cypress/runner/cypress_runner.js:149867:11)\n    at Object.throwErrByPath (http://localhost:44985/__cypress/runner/cypress_runner.js:149915:3)\n    at retry (http://localhost:44985/__cypress/runner/cypress_runner.js:144197:19)\n    at onFailFn (http://localhost:44985/__cypress/runner/cypress_runner.js:132448:16)\n    at tryCatcher (http://localhost:44985/__cypress/runner/cypress_runner.js:167415:23)\n    at Promise._settlePromiseFromHandler (http://localhost:44985/__cypress/runner/cypress_runner.js:165351:31)\n    at Promise._settlePromise (http://localhost:44985/__cypress/runner/cypress_runner.js:165408:18)\n    at Promise._settlePromise0 (http://localhost:44985/__cypress/runner/cypress_runner.js:165453:10)\n    at Promise._settlePromises (http://localhost:44985/__cypress/runner/cypress_runner.js:165528:18)\n    at Async../node_modules/bluebird/js/release/async.js.Async._drainQueue (http://localhost:44985/__cypress/runner/cypress_runner.js:162140:16)\n    at Async../node_modules/bluebird/js/release/async.js.Async._drainQueues (http://localhost:44985/__cypress/runner/cypress_runner.js:162150:10)\n    at Async.drainQueues (http://localhost:44985/__cypress/runner/cypress_runner.js:162024:14)",
                "diff": null
              },
              "uuid": "68388bab-ce5f-44e4-839f-6f8b82977710",
              "parentUUID": "3f000bdc-60fa-4258-b8af-564f394e9205",
              "isHook": false,
              "skipped": false
            },
            {
              "title": "Verifica se a altura do board é 5 quando um valor menor é colocado no input",
              "fullTitle": "11 - Limite o tamanho mínimo e máximo do board. Verifica se a altura do board é 5 quando um valor menor é colocado no input",
              "timedOut": null,
              "duration": 4866,
              "state": "failed",
              "speed": null,
              "pass": false,
              "fail": true,
              "pending": false,
              "context": null,
              "code": "cy.get('#board-size').clear().type(4);\ncy.get('#generate-board').click();\ncy.get('.pixel').should('have.length', 25);",
              "err": {
                "message": "CypressError: Timed out retrying: Expected to find element: '#board-size', but never found it.",
                "estack": "CypressError: Timed out retrying: Expected to find element: '#board-size', but never found it.\n    at cypressErr (http://localhost:44985/__cypress/runner/cypress_runner.js:149934:9)\n    at throwErr (http://localhost:44985/__cypress/runner/cypress_runner.js:149867:11)\n    at Object.throwErrByPath (http://localhost:44985/__cypress/runner/cypress_runner.js:149915:3)\n    at retry (http://localhost:44985/__cypress/runner/cypress_runner.js:144197:19)\n    at onFailFn (http://localhost:44985/__cypress/runner/cypress_runner.js:132448:16)\n    at tryCatcher (http://localhost:44985/__cypress/runner/cypress_runner.js:167415:23)\n    at Promise._settlePromiseFromHandler (http://localhost:44985/__cypress/runner/cypress_runner.js:165351:31)\n    at Promise._settlePromise (http://localhost:44985/__cypress/runner/cypress_runner.js:165408:18)\n    at Promise._settlePromise0 (http://localhost:44985/__cypress/runner/cypress_runner.js:165453:10)\n    at Promise._settlePromises (http://localhost:44985/__cypress/runner/cypress_runner.js:165528:18)\n    at Async../node_modules/bluebird/js/release/async.js.Async._drainQueue (http://localhost:44985/__cypress/runner/cypress_runner.js:162140:16)\n    at Async../node_modules/bluebird/js/release/async.js.Async._drainQueues (http://localhost:44985/__cypress/runner/cypress_runner.js:162150:10)\n    at Async.drainQueues (http://localhost:44985/__cypress/runner/cypress_runner.js:162024:14)",
                "diff": null
              },
              "uuid": "966c579e-826c-4894-9271-86b3c66371cb",
              "parentUUID": "3f000bdc-60fa-4258-b8af-564f394e9205",
              "isHook": false,
              "skipped": false
            },
            {
              "title": "Verifica se a altura do board é 50 quando um valor maior é colocado no input",
              "fullTitle": "11 - Limite o tamanho mínimo e máximo do board. Verifica se a altura do board é 50 quando um valor maior é colocado no input",
              "timedOut": null,
              "duration": 5186,
              "state": "failed",
              "speed": null,
              "pass": false,
              "fail": true,
              "pending": false,
              "context": null,
              "code": "cy.get('#board-size').clear().type(51);\ncy.get('#generate-board').click();\ncy.get('.pixel').should('have.length', 2500);",
              "err": {
                "message": "CypressError: Timed out retrying: Expected to find element: '#board-size', but never found it.",
                "estack": "CypressError: Timed out retrying: Expected to find element: '#board-size', but never found it.\n    at cypressErr (http://localhost:44985/__cypress/runner/cypress_runner.js:149934:9)\n    at throwErr (http://localhost:44985/__cypress/runner/cypress_runner.js:149867:11)\n    at Object.throwErrByPath (http://localhost:44985/__cypress/runner/cypress_runner.js:149915:3)\n    at retry (http://localhost:44985/__cypress/runner/cypress_runner.js:144197:19)\n    at onFailFn (http://localhost:44985/__cypress/runner/cypress_runner.js:132448:16)\n    at tryCatcher (http://localhost:44985/__cypress/runner/cypress_runner.js:167415:23)\n    at Promise._settlePromiseFromHandler (http://localhost:44985/__cypress/runner/cypress_runner.js:165351:31)\n    at Promise._settlePromise (http://localhost:44985/__cypress/runner/cypress_runner.js:165408:18)\n    at Promise._settlePromise0 (http://localhost:44985/__cypress/runner/cypress_runner.js:165453:10)\n    at Promise._settlePromises (http://localhost:44985/__cypress/runner/cypress_runner.js:165528:18)\n    at Async../node_modules/bluebird/js/release/async.js.Async._drainQueue (http://localhost:44985/__cypress/runner/cypress_runner.js:162140:16)\n    at Async../node_modules/bluebird/js/release/async.js.Async._drainQueues (http://localhost:44985/__cypress/runner/cypress_runner.js:162150:10)\n    at Async.drainQueues (http://localhost:44985/__cypress/runner/cypress_runner.js:162024:14)",
                "diff": null
              },
              "uuid": "af2c1fae-875c-45e4-99f0-6282214fe7b6",
              "parentUUID": "3f000bdc-60fa-4258-b8af-564f394e9205",
              "isHook": false,
              "skipped": false
            }
          ],
          "suites": [],
          "passes": [],
          "failures": [
            "68388bab-ce5f-44e4-839f-6f8b82977710",
            "966c579e-826c-4894-9271-86b3c66371cb",
            "af2c1fae-875c-45e4-99f0-6282214fe7b6"
          ],
          "pending": [],
          "skipped": [],
          "duration": 14840,
          "root": false,
          "rootEmpty": false,
          "_timeout": 2000
        },
        {
          "uuid": "1ab0740a-2187-482c-87c1-3f8b71843301",
          "title": "12 - Faça com que as cores da paleta sejam geradas aleatoriamente ao carregar a página.",
          "fullFile": "",
          "file": "",
          "beforeHooks": [],
          "afterHooks": [],
          "tests": [
            {
              "title": "Verifica se as cores geradas na paleta são diferentes a cada carregamento da página",
              "fullTitle": "12 - Faça com que as cores da paleta sejam geradas aleatoriamente ao carregar a página. Verifica se as cores geradas na paleta são diferentes a cada carregamento da página",
              "timedOut": null,
              "duration": 838,
              "state": "failed",
              "speed": null,
              "pass": false,
              "fail": true,
              "pending": false,
              "context": null,
              "code": "cy.get('.color').then(function (colors) {\n  var currentColors;\n  var previousColors;\n  previousColors = Array.from(colors).map(function (color) {\n    return Cypress.$(color).css('background-color');\n  });\n  for (var i = 0; i < 5; i += 1) {\n    cy.reload();\n    cy.get('.color').then(function (colors) {\n      currentColors = Array.from(colors).map(function (color) {\n        return Cypress.$(color).css('background-color');\n      });\n      expect(currentColors).not.to.deep.equal(previousColors);\n      previousColors = currentColors;\n    });\n  }\n});",
              "err": {
                "message": "AssertionError: expected [ Array(4) ] to not deeply equal [ Array(4) ]",
                "estack": "AssertionError: expected [ Array(4) ] to not deeply equal [ Array(4) ]\n    at getRet (http://localhost:44985/__cypress/runner/cypress_runner.js:136585:16)\n    at tryCatcher (http://localhost:44985/__cypress/runner/cypress_runner.js:167415:23)\n    at Function.Promise.attempt.Promise.try (http://localhost:44985/__cypress/runner/cypress_runner.js:164690:29)\n    at Context.thenFn (http://localhost:44985/__cypress/runner/cypress_runner.js:136599:23)\n    at Context.then (http://localhost:44985/__cypress/runner/cypress_runner.js:136971:21)\n    at Context.<anonymous> (http://localhost:44985/__cypress/runner/cypress_runner.js:148875:21)\n    at http://localhost:44985/__cypress/runner/cypress_runner.js:148351:33\n    at tryCatcher (http://localhost:44985/__cypress/runner/cypress_runner.js:167415:23)\n    at Promise._settlePromiseFromHandler (http://localhost:44985/__cypress/runner/cypress_runner.js:165351:31)\n    at Promise._settlePromise (http://localhost:44985/__cypress/runner/cypress_runner.js:165408:18)\n    at Promise._settlePromiseCtx (http://localhost:44985/__cypress/runner/cypress_runner.js:165445:10)\n    at Async../node_modules/bluebird/js/release/async.js.Async._drainQueue (http://localhost:44985/__cypress/runner/cypress_runner.js:162145:12)\n    at Async../node_modules/bluebird/js/release/async.js.Async._drainQueues (http://localhost:44985/__cypress/runner/cypress_runner.js:162150:10)\n    at Async.drainQueues (http://localhost:44985/__cypress/runner/cypress_runner.js:162024:14)",
                "diff": ""
              },
              "uuid": "2bb41555-9b07-4dbf-a1da-18d11e8f50f7",
              "parentUUID": "1ab0740a-2187-482c-87c1-3f8b71843301",
              "isHook": false,
              "skipped": false
            },
            {
              "title": "Verifica se a cor preta ainda está presente e é a primeira na sua paleta de cores",
              "fullTitle": "12 - Faça com que as cores da paleta sejam geradas aleatoriamente ao carregar a página. Verifica se a cor preta ainda está presente e é a primeira na sua paleta de cores",
              "timedOut": null,
              "duration": 952,
              "state": "failed",
              "speed": null,
              "pass": false,
              "fail": true,
              "pending": false,
              "context": null,
              "code": "cy.get('.color').then(function (colors) {\n  var currentColors;\n  var previousColors;\n  previousColors = Array.from(colors).map(function (color) {\n    return Cypress.$(color).css('background-color');\n  });\n  expect(previousColors[0]).to.eq(BLACK);\n  for (var i = 0; i < 5; i += 1) {\n    cy.reload();\n    cy.get('.color').then(function (colors) {\n      currentColors = Array.from(colors).map(function (color) {\n        return Cypress.$(color).css('background-color');\n      });\n      expect(currentColors[0]).to.eq(BLACK);\n      expect(currentColors).not.to.deep.equal(previousColors);\n      previousColors = currentColors;\n    });\n  }\n});",
              "err": {
                "message": "AssertionError: expected [ Array(4) ] to not deeply equal [ Array(4) ]",
                "estack": "AssertionError: expected [ Array(4) ] to not deeply equal [ Array(4) ]\n    at getRet (http://localhost:44985/__cypress/runner/cypress_runner.js:136585:16)\n    at tryCatcher (http://localhost:44985/__cypress/runner/cypress_runner.js:167415:23)\n    at Function.Promise.attempt.Promise.try (http://localhost:44985/__cypress/runner/cypress_runner.js:164690:29)\n    at Context.thenFn (http://localhost:44985/__cypress/runner/cypress_runner.js:136599:23)\n    at Context.then (http://localhost:44985/__cypress/runner/cypress_runner.js:136971:21)\n    at Context.<anonymous> (http://localhost:44985/__cypress/runner/cypress_runner.js:148875:21)\n    at http://localhost:44985/__cypress/runner/cypress_runner.js:148351:33\n    at tryCatcher (http://localhost:44985/__cypress/runner/cypress_runner.js:167415:23)\n    at Promise._settlePromiseFromHandler (http://localhost:44985/__cypress/runner/cypress_runner.js:165351:31)\n    at Promise._settlePromise (http://localhost:44985/__cypress/runner/cypress_runner.js:165408:18)\n    at Promise._settlePromiseCtx (http://localhost:44985/__cypress/runner/cypress_runner.js:165445:10)\n    at Async../node_modules/bluebird/js/release/async.js.Async._drainQueue (http://localhost:44985/__cypress/runner/cypress_runner.js:162145:12)\n    at Async../node_modules/bluebird/js/release/async.js.Async._drainQueues (http://localhost:44985/__cypress/runner/cypress_runner.js:162150:10)\n    at Async.drainQueues (http://localhost:44985/__cypress/runner/cypress_runner.js:162024:14)",
                "diff": ""
              },
              "uuid": "edaff52e-22ba-4c70-95dd-4aafc617f176",
              "parentUUID": "1ab0740a-2187-482c-87c1-3f8b71843301",
              "isHook": false,
              "skipped": false
            }
          ],
          "suites": [],
          "passes": [],
          "failures": [
            "2bb41555-9b07-4dbf-a1da-18d11e8f50f7",
            "edaff52e-22ba-4c70-95dd-4aafc617f176"
          ],
          "pending": [],
          "skipped": [],
          "duration": 1790,
          "root": false,
          "rootEmpty": false,
          "_timeout": 2000
        }
      ],
      "passes": [],
      "failures": [],
      "pending": [],
      "skipped": [],
      "duration": 0,
      "root": true,
      "rootEmpty": true,
      "_timeout": 2000
    }
  ],
  "meta": {
    "mocha": {
      "version": "7.0.1"
    },
    "mochawesome": {
      "options": {
        "quiet": false,
        "reportFilename": "mochawesome",
        "saveHtml": false,
        "saveJson": true,
        "consoleReporter": "spec",
        "useInlineDiffs": false
      },
      "version": "4.1.0"
    },
    "marge": {
      "options": {
        "id": "default",
        "reportDir": "cypress/reports",
        "overwrite": true,
        "html": false,
        "json": true
      },
      "version": "4.1.0"
    }
  }
}